<?xml version="1.0" encoding="UTF-8"?>
<coverage generated="1666045289504" clover="3.2.0">
  <project timestamp="1666045289504" name="All files">
    <metrics statements="17" coveredstatements="9" conditionals="4" coveredconditionals="3" methods="10" coveredmethods="3" elements="31" coveredelements="15" complexity="0" loc="17" ncloc="17" packages="2" files="3" classes="3"/>
    <package name="assets">
      <metrics statements="1" coveredstatements="1" conditionals="0" coveredconditionals="0" methods="0" coveredmethods="0"/>
      <file name="data.ts" path="/Users/jonathan/Documents/Projet/test/dougs/backend/assets/data.ts">
        <metrics statements="1" coveredstatements="1" conditionals="0" coveredconditionals="0" methods="0" coveredmethods="0"/>
        <line num="3" count="1" type="stmt"/>
      </file>
    </package>
    <package name="src">
      <metrics statements="16" coveredstatements="8" conditionals="4" coveredconditionals="3" methods="10" coveredmethods="3"/>
      <file name="postValidationUseCase.ts" path="/Users/jonathan/Documents/Projet/test/dougs/backend/src/postValidationUseCase.ts">
        <metrics statements="14" coveredstatements="6" conditionals="4" coveredconditionals="3" methods="8" coveredmethods="3"/>
        <line num="7" count="0" type="stmt"/>
        <line num="10" count="0" type="stmt"/>
        <line num="13" count="1" type="stmt"/>
        <line num="14" count="3" type="cond" truecount="2" falsecount="0"/>
        <line num="15" count="1" type="stmt"/>
        <line num="17" count="2" type="stmt"/>
        <line num="23" count="1" type="cond" truecount="1" falsecount="1"/>
        <line num="26" count="1" type="stmt"/>
        <line num="27" count="0" type="stmt"/>
        <line num="28" count="0" type="stmt"/>
        <line num="29" count="0" type="stmt"/>
        <line num="30" count="0" type="stmt"/>
        <line num="32" count="0" type="stmt"/>
        <line num="33" count="0" type="stmt"/>
      </file>
      <file name="utils.ts" path="/Users/jonathan/Documents/Projet/test/dougs/backend/src/utils.ts">
        <metrics statements="2" coveredstatements="2" conditionals="0" coveredconditionals="0" methods="2" coveredmethods="0"/>
        <line num="1" count="1" type="stmt"/>
        <line num="2" count="1" type="stmt"/>
      </file>
    </package>
  </project>
</coverage>
