{"/Users/jonathan/Documents/Projet/test/dougs/backend/assets/data.ts": {"path":"/Users/jonathan/Documents/Projet/test/dougs/backend/assets/data.ts","statementMap":{"0":{"start":{"line":3,"column":31},"end":{"line":105,"column":1}}},"fnMap":{},"branchMap":{},"s":{"0":1},"f":{},"b":{},"_coverageSchema":"1a1c01bbd47fc00a2c39e90264f33305004495a9","hash":"85af90f13dbe974b572c82323e99050a9fa290c9"}
,"/Users/jonathan/Documents/Projet/test/dougs/backend/src/postValidationUseCase.ts": {"path":"/Users/jonathan/Documents/Projet/test/dougs/backend/src/postValidationUseCase.ts","statementMap":{"0":{"start":{"line":7,"column":4},"end":{"line":7,"column":70}},"1":{"start":{"line":7,"column":44},"end":{"line":7,"column":69}},"2":{"start":{"line":10,"column":4},"end":{"line":10,"column":80}},"3":{"start":{"line":10,"column":48},"end":{"line":10,"column":79}},"4":{"start":{"line":13,"column":4},"end":{"line":19,"column":9}},"5":{"start":{"line":14,"column":8},"end":{"line":18,"column":9}},"6":{"start":{"line":15,"column":12},"end":{"line":15,"column":43}},"7":{"start":{"line":17,"column":12},"end":{"line":17,"column":53}},"8":{"start":{"line":23,"column":4},"end":{"line":23,"column":92}},"9":{"start":{"line":26,"column":37},"end":{"line":34,"column":1}},"10":{"start":{"line":27,"column":19},"end":{"line":27,"column":26}},"11":{"start":{"line":28,"column":34},"end":{"line":28,"column":38}},"12":{"start":{"line":29,"column":4},"end":{"line":29,"column":27}},"13":{"start":{"line":30,"column":4},"end":{"line":30,"column":26}},"14":{"start":{"line":32,"column":4},"end":{"line":32,"column":35}},"15":{"start":{"line":33,"column":4},"end":{"line":33,"column":67}}},"fnMap":{"0":{"name":"getMovementByIds","decl":{"start":{"line":6,"column":16},"end":{"line":6,"column":32}},"loc":{"start":{"line":6,"column":52},"end":{"line":8,"column":1}},"line":6},"1":{"name":"(anonymous_1)","decl":{"start":{"line":7,"column":34},"end":{"line":7,"column":35}},"loc":{"start":{"line":7,"column":44},"end":{"line":7,"column":69}},"line":7},"2":{"name":"getMovementByDate","decl":{"start":{"line":9,"column":16},"end":{"line":9,"column":33}},"loc":{"start":{"line":9,"column":96},"end":{"line":11,"column":1}},"line":9},"3":{"name":"(anonymous_3)","decl":{"start":{"line":10,"column":31},"end":{"line":10,"column":32}},"loc":{"start":{"line":10,"column":48},"end":{"line":10,"column":79}},"line":10},"4":{"name":"getBalanceFromMovement","decl":{"start":{"line":12,"column":16},"end":{"line":12,"column":38}},"loc":{"start":{"line":12,"column":95},"end":{"line":20,"column":1}},"line":12},"5":{"name":"(anonymous_5)","decl":{"start":{"line":13,"column":31},"end":{"line":13,"column":32}},"loc":{"start":{"line":13,"column":53},"end":{"line":19,"column":5}},"line":13},"6":{"name":"getDiffBalance","decl":{"start":{"line":22,"column":16},"end":{"line":22,"column":30}},"loc":{"start":{"line":22,"column":79},"end":{"line":24,"column":1}},"line":22},"7":{"name":"(anonymous_7)","decl":{"start":{"line":26,"column":37},"end":{"line":26,"column":38}},"loc":{"start":{"line":26,"column":79},"end":{"line":34,"column":1}},"line":26}},"branchMap":{"0":{"loc":{"start":{"line":14,"column":8},"end":{"line":18,"column":9}},"type":"if","locations":[{"start":{"line":14,"column":8},"end":{"line":18,"column":9}},{"start":{"line":16,"column":15},"end":{"line":18,"column":9}}],"line":14},"1":{"loc":{"start":{"line":23,"column":36},"end":{"line":23,"column":90}},"type":"cond-expr","locations":[{"start":{"line":23,"column":63},"end":{"line":23,"column":70}},{"start":{"line":23,"column":73},"end":{"line":23,"column":90}}],"line":23}},"s":{"0":0,"1":0,"2":0,"3":0,"4":1,"5":3,"6":1,"7":2,"8":1,"9":1,"10":0,"11":0,"12":0,"13":0,"14":0,"15":0},"f":{"0":0,"1":0,"2":0,"3":0,"4":1,"5":3,"6":1,"7":0},"b":{"0":[1,2],"1":[0,1]},"_coverageSchema":"1a1c01bbd47fc00a2c39e90264f33305004495a9","hash":"9bc901102b37fcd950419c70a0bb7202a16b65d5"}
,"/Users/jonathan/Documents/Projet/test/dougs/backend/src/utils.ts": {"path":"/Users/jonathan/Documents/Projet/test/dougs/backend/src/utils.ts","statementMap":{"0":{"start":{"line":1,"column":26},"end":{"line":1,"column":56}},"1":{"start":{"line":1,"column":45},"end":{"line":1,"column":56}},"2":{"start":{"line":2,"column":26},"end":{"line":2,"column":56}},"3":{"start":{"line":2,"column":45},"end":{"line":2,"column":56}}},"fnMap":{"0":{"name":"(anonymous_0)","decl":{"start":{"line":1,"column":26},"end":{"line":1,"column":27}},"loc":{"start":{"line":1,"column":45},"end":{"line":1,"column":56}},"line":1},"1":{"name":"(anonymous_1)","decl":{"start":{"line":2,"column":26},"end":{"line":2,"column":27}},"loc":{"start":{"line":2,"column":45},"end":{"line":2,"column":56}},"line":2}},"branchMap":{},"s":{"0":1,"1":0,"2":1,"3":0},"f":{"0":0,"1":0},"b":{},"_coverageSchema":"1a1c01bbd47fc00a2c39e90264f33305004495a9","hash":"529564c6d2b9ee3eab676c81a904099d771025da"}
}
