TN:
SF:assets/data.ts
FNF:0
FNH:0
DA:3,1
LF:1
LH:1
BRF:0
BRH:0
end_of_record
TN:
SF:src/postValidationUseCase.ts
FN:6,getMovementByIds
FN:7,(anonymous_1)
FN:9,getMovementByDate
FN:10,(anonymous_3)
FN:12,getBalanceFromMovement
FN:13,(anonymous_5)
FN:22,getDiffBalance
FN:26,(anonymous_7)
FNF:8
FNH:3
FNDA:0,getMovementByIds
FNDA:0,(anonymous_1)
FNDA:0,getMovementByDate
FNDA:0,(anonymous_3)
FNDA:1,getBalanceFromMovement
FNDA:3,(anonymous_5)
FNDA:1,getDiffBalance
FNDA:0,(anonymous_7)
DA:7,0
DA:10,0
DA:13,1
DA:14,3
DA:15,1
DA:17,2
DA:23,1
DA:26,1
DA:27,0
DA:28,0
DA:29,0
DA:30,0
DA:32,0
DA:33,0
LF:14
LH:6
BRDA:14,0,0,1
BRDA:14,0,1,2
BRDA:23,1,0,0
BRDA:23,1,1,1
BRF:4
BRH:3
end_of_record
TN:
SF:src/utils.ts
FN:1,(anonymous_0)
FN:2,(anonymous_1)
FNF:2
FNH:0
FNDA:0,(anonymous_0)
FNDA:0,(anonymous_1)
DA:1,1
DA:2,1
LF:2
LH:2
BRF:0
BRH:0
end_of_record
